<?xml version="1.0" encoding="UTF-8"?>
<testng-results ignored="0" total="1" passed="1" failed="0" skipped="0">
  <reporter-output>
  </reporter-output>
  <suite started-at="2021-08-07T18:39:28 CST" name="Surefire suite" finished-at="2021-08-07T18:39:28 CST" duration-ms="44">
    <groups>
    </groups>
    <test started-at="2021-08-07T18:39:28 CST" name="Surefire test" finished-at="2021-08-07T18:39:28 CST" duration-ms="44">
      <class name="com.tempVar.GeoHelp.TempVarServerApplicationTests">
        <test-method signature="contextLoads()[pri:0, instance:com.tempVar.GeoHelp.TempVarServerApplicationTests@2fd66ad3]" started-at="2021-08-07T18:39:28 CST" name="contextLoads" description="idk" finished-at="2021-08-07T18:39:28 CST" duration-ms="4" status="PASS">
          <reporter-output>
          </reporter-output>
        </test-method> <!-- contextLoads -->
      </class> <!-- com.tempVar.GeoHelp.TempVarServerApplicationTests -->
    </test> <!-- Surefire test -->
  </suite> <!-- Surefire suite -->
</testng-results>
